<?xml version="1.0" encoding="UTF-8"?>
<testsuite xmlns:xsi="http://www.w3.org/2001/XMLSchema-instance" xsi:noNamespaceSchemaLocation="https://maven.apache.org/surefire/maven-surefire-plugin/xsd/surefire-test-report-3.0.xsd" version="3.0" name="step_deifinition.TestRunner" time="338.661" tests="10" errors="0" skipped="0" failures="0">
  <properties>
    <property name="java.specification.version" value="17"/>
    <property name="sun.cpu.isalist" value="amd64"/>
    <property name="sun.jnu.encoding" value="Cp1252"/>
    <property name="java.class.path" value="C:\Users\owner\git\Ninad_Nasikkar_Final_Wipro_Capstone_Project\Nopcommerce\target\test-classes;C:\Users\owner\git\Ninad_Nasikkar_Final_Wipro_Capstone_Project\Nopcommerce\target\classes;C:\Users\owner\.m2\repository\io\cucumber\cucumber-core\7.27.2\cucumber-core-7.27.2.jar;C:\Users\owner\.m2\repository\io\cucumber\cucumber-gherkin\7.27.2\cucumber-gherkin-7.27.2.jar;C:\Users\owner\.m2\repository\io\cucumber\cucumber-gherkin-messages\7.27.2\cucumber-gherkin-messages-7.27.2.jar;C:\Users\owner\.m2\repository\io\cucumber\gherkin\34.0.0\gherkin-34.0.0.jar;C:\Users\owner\.m2\repository\org\assertj\assertj-core\3.27.4\assertj-core-3.27.4.jar;C:\Users\owner\.m2\repository\io\cucumber\messages\28.1.0\messages-28.1.0.jar;C:\Users\owner\.m2\repository\io\cucumber\pretty-formatter\2.1.0\pretty-formatter-2.1.0.jar;C:\Users\owner\.m2\repository\io\cucumber\query\13.6.0\query-13.6.0.jar;C:\Users\owner\.m2\repository\io\cucumber\testng-xml-formatter\0.5.0\testng-xml-formatter-0.5.0.jar;C:\Users\owner\.m2\repository\io\cucumber\tag-expressions\6.1.2\tag-expressions-6.1.2.jar;C:\Users\owner\.m2\repository\io\cucumber\cucumber-expressions\18.0.1\cucumber-expressions-18.0.1.jar;C:\Users\owner\.m2\repository\io\cucumber\datatable\7.27.2\datatable-7.27.2.jar;C:\Users\owner\.m2\repository\io\cucumber\cucumber-plugin\7.27.2\cucumber-plugin-7.27.2.jar;C:\Users\owner\.m2\repository\io\cucumber\docstring\7.27.2\docstring-7.27.2.jar;C:\Users\owner\.m2\repository\io\cucumber\html-formatter\21.13.0\html-formatter-21.13.0.jar;C:\Users\owner\.m2\repository\io\cucumber\junit-xml-formatter\0.8.1\junit-xml-formatter-0.8.1.jar;C:\Users\owner\.m2\repository\io\cucumber\ci-environment\10.0.1\ci-environment-10.0.1.jar;C:\Users\owner\.m2\repository\org\apiguardian\apiguardian-api\1.1.2\apiguardian-api-1.1.2.jar;C:\Users\owner\.m2\repository\io\cucumber\cucumber-java\7.27.2\cucumber-java-7.27.2.jar;C:\Users\owner\.m2\repository\io\cucumber\cucumber-junit\7.27.2\cucumber-junit-7.27.2.jar;C:\Users\owner\.m2\repository\junit\junit\4.13.2\junit-4.13.2.jar;C:\Users\owner\.m2\repository\org\hamcrest\hamcrest-core\1.3\hamcrest-core-1.3.jar;C:\Users\owner\.m2\repository\org\seleniumhq\selenium\selenium-java\4.23.0\selenium-java-4.23.0.jar;C:\Users\owner\.m2\repository\org\seleniumhq\selenium\selenium-api\4.23.0\selenium-api-4.23.0.jar;C:\Users\owner\.m2\repository\org\seleniumhq\selenium\selenium-chrome-driver\4.23.0\selenium-chrome-driver-4.23.0.jar;C:\Users\owner\.m2\repository\com\google\auto\service\auto-service-annotations\1.1.1\auto-service-annotations-1.1.1.jar;C:\Users\owner\.m2\repository\org\seleniumhq\selenium\selenium-chromium-driver\4.23.0\selenium-chromium-driver-4.23.0.jar;C:\Users\owner\.m2\repository\org\seleniumhq\selenium\selenium-json\4.23.0\selenium-json-4.23.0.jar;C:\Users\owner\.m2\repository\org\seleniumhq\selenium\selenium-manager\4.23.0\selenium-manager-4.23.0.jar;C:\Users\owner\.m2\repository\org\seleniumhq\selenium\selenium-devtools-v125\4.23.0\selenium-devtools-v125-4.23.0.jar;C:\Users\owner\.m2\repository\org\seleniumhq\selenium\selenium-devtools-v126\4.23.0\selenium-devtools-v126-4.23.0.jar;C:\Users\owner\.m2\repository\org\seleniumhq\selenium\selenium-devtools-v127\4.23.0\selenium-devtools-v127-4.23.0.jar;C:\Users\owner\.m2\repository\org\seleniumhq\selenium\selenium-devtools-v85\4.23.0\selenium-devtools-v85-4.23.0.jar;C:\Users\owner\.m2\repository\org\seleniumhq\selenium\selenium-edge-driver\4.23.0\selenium-edge-driver-4.23.0.jar;C:\Users\owner\.m2\repository\org\seleniumhq\selenium\selenium-firefox-driver\4.23.0\selenium-firefox-driver-4.23.0.jar;C:\Users\owner\.m2\repository\org\seleniumhq\selenium\selenium-http\4.23.0\selenium-http-4.23.0.jar;C:\Users\owner\.m2\repository\dev\failsafe\failsafe\3.3.2\failsafe-3.3.2.jar;C:\Users\owner\.m2\repository\org\seleniumhq\selenium\selenium-ie-driver\4.23.0\selenium-ie-driver-4.23.0.jar;C:\Users\owner\.m2\repository\org\seleniumhq\selenium\selenium-remote-driver\4.23.0\selenium-remote-driver-4.23.0.jar;C:\Users\owner\.m2\repository\com\google\guava\guava\33.2.1-jre\guava-33.2.1-jre.jar;C:\Users\owner\.m2\repository\com\google\guava\failureaccess\1.0.2\failureaccess-1.0.2.jar;C:\Users\owner\.m2\repository\com\google\guava\listenablefuture\9999.0-empty-to-avoid-conflict-with-guava\listenablefuture-9999.0-empty-to-avoid-conflict-with-guava.jar;C:\Users\owner\.m2\repository\com\google\code\findbugs\jsr305\3.0.2\jsr305-3.0.2.jar;C:\Users\owner\.m2\repository\org\checkerframework\checker-qual\3.42.0\checker-qual-3.42.0.jar;C:\Users\owner\.m2\repository\com\google\errorprone\error_prone_annotations\2.26.1\error_prone_annotations-2.26.1.jar;C:\Users\owner\.m2\repository\com\google\j2objc\j2objc-annotations\3.0.0\j2objc-annotations-3.0.0.jar;C:\Users\owner\.m2\repository\io\opentelemetry\semconv\opentelemetry-semconv\1.25.0-alpha\opentelemetry-semconv-1.25.0-alpha.jar;C:\Users\owner\.m2\repository\io\opentelemetry\opentelemetry-api\1.40.0\opentelemetry-api-1.40.0.jar;C:\Users\owner\.m2\repository\io\opentelemetry\opentelemetry-context\1.40.0\opentelemetry-context-1.40.0.jar;C:\Users\owner\.m2\repository\io\opentelemetry\opentelemetry-exporter-logging\1.40.0\opentelemetry-exporter-logging-1.40.0.jar;C:\Users\owner\.m2\repository\io\opentelemetry\opentelemetry-sdk-common\1.40.0\opentelemetry-sdk-common-1.40.0.jar;C:\Users\owner\.m2\repository\io\opentelemetry\opentelemetry-sdk-extension-autoconfigure-spi\1.40.0\opentelemetry-sdk-extension-autoconfigure-spi-1.40.0.jar;C:\Users\owner\.m2\repository\io\opentelemetry\opentelemetry-sdk-extension-autoconfigure\1.40.0\opentelemetry-sdk-extension-autoconfigure-1.40.0.jar;C:\Users\owner\.m2\repository\io\opentelemetry\opentelemetry-api-incubator\1.40.0-alpha\opentelemetry-api-incubator-1.40.0-alpha.jar;C:\Users\owner\.m2\repository\io\opentelemetry\opentelemetry-sdk-trace\1.40.0\opentelemetry-sdk-trace-1.40.0.jar;C:\Users\owner\.m2\repository\io\opentelemetry\opentelemetry-sdk\1.40.0\opentelemetry-sdk-1.40.0.jar;C:\Users\owner\.m2\repository\io\opentelemetry\opentelemetry-sdk-metrics\1.40.0\opentelemetry-sdk-metrics-1.40.0.jar;C:\Users\owner\.m2\repository\io\opentelemetry\opentelemetry-sdk-logs\1.40.0\opentelemetry-sdk-logs-1.40.0.jar;C:\Users\owner\.m2\repository\net\bytebuddy\byte-buddy\1.14.18\byte-buddy-1.14.18.jar;C:\Users\owner\.m2\repository\org\seleniumhq\selenium\selenium-os\4.23.0\selenium-os-4.23.0.jar;C:\Users\owner\.m2\repository\org\apache\commons\commons-exec\1.4.0\commons-exec-1.4.0.jar;C:\Users\owner\.m2\repository\org\seleniumhq\selenium\selenium-safari-driver\4.23.0\selenium-safari-driver-4.23.0.jar;C:\Users\owner\.m2\repository\org\seleniumhq\selenium\selenium-support\4.23.0\selenium-support-4.23.0.jar;"/>
    <property name="java.vm.vendor" value="Oracle Corporation"/>
    <property name="sun.arch.data.model" value="64"/>
    <property name="user.variant" value=""/>
    <property name="java.vendor.url" value="https://java.oracle.com/"/>
    <property name="user.timezone" value="Asia/Calcutta"/>
    <property name="os.name" value="Windows 10"/>
    <property name="java.vm.specification.version" value="17"/>
    <property name="sun.java.launcher" value="SUN_STANDARD"/>
    <property name="user.country" value="US"/>
    <property name="sun.boot.library.path" value="C:\Users\owner\OneDrive\Desktop\Softwares\jdk-17.0.12_windows-x64_bin\jdk-17.0.12\bin"/>
    <property name="sun.java.command" value="C:\Users\owner\AppData\Local\Temp\surefire6741303375185286082\surefirebooter-20250909012228302_3.jar C:\Users\owner\AppData\Local\Temp\surefire6741303375185286082 2025-09-09T01-22-27_741-jvmRun1 surefire-20250909012228302_1tmp surefire_0-20250909012228302_2tmp"/>
    <property name="jdk.debug" value="release"/>
    <property name="surefire.test.class.path" value="C:\Users\owner\git\Ninad_Nasikkar_Final_Wipro_Capstone_Project\Nopcommerce\target\test-classes;C:\Users\owner\git\Ninad_Nasikkar_Final_Wipro_Capstone_Project\Nopcommerce\target\classes;C:\Users\owner\.m2\repository\io\cucumber\cucumber-core\7.27.2\cucumber-core-7.27.2.jar;C:\Users\owner\.m2\repository\io\cucumber\cucumber-gherkin\7.27.2\cucumber-gherkin-7.27.2.jar;C:\Users\owner\.m2\repository\io\cucumber\cucumber-gherkin-messages\7.27.2\cucumber-gherkin-messages-7.27.2.jar;C:\Users\owner\.m2\repository\io\cucumber\gherkin\34.0.0\gherkin-34.0.0.jar;C:\Users\owner\.m2\repository\org\assertj\assertj-core\3.27.4\assertj-core-3.27.4.jar;C:\Users\owner\.m2\repository\io\cucumber\messages\28.1.0\messages-28.1.0.jar;C:\Users\owner\.m2\repository\io\cucumber\pretty-formatter\2.1.0\pretty-formatter-2.1.0.jar;C:\Users\owner\.m2\repository\io\cucumber\query\13.6.0\query-13.6.0.jar;C:\Users\owner\.m2\repository\io\cucumber\testng-xml-formatter\0.5.0\testng-xml-formatter-0.5.0.jar;C:\Users\owner\.m2\repository\io\cucumber\tag-expressions\6.1.2\tag-expressions-6.1.2.jar;C:\Users\owner\.m2\repository\io\cucumber\cucumber-expressions\18.0.1\cucumber-expressions-18.0.1.jar;C:\Users\owner\.m2\repository\io\cucumber\datatable\7.27.2\datatable-7.27.2.jar;C:\Users\owner\.m2\repository\io\cucumber\cucumber-plugin\7.27.2\cucumber-plugin-7.27.2.jar;C:\Users\owner\.m2\repository\io\cucumber\docstring\7.27.2\docstring-7.27.2.jar;C:\Users\owner\.m2\repository\io\cucumber\html-formatter\21.13.0\html-formatter-21.13.0.jar;C:\Users\owner\.m2\repository\io\cucumber\junit-xml-formatter\0.8.1\junit-xml-formatter-0.8.1.jar;C:\Users\owner\.m2\repository\io\cucumber\ci-environment\10.0.1\ci-environment-10.0.1.jar;C:\Users\owner\.m2\repository\org\apiguardian\apiguardian-api\1.1.2\apiguardian-api-1.1.2.jar;C:\Users\owner\.m2\repository\io\cucumber\cucumber-java\7.27.2\cucumber-java-7.27.2.jar;C:\Users\owner\.m2\repository\io\cucumber\cucumber-junit\7.27.2\cucumber-junit-7.27.2.jar;C:\Users\owner\.m2\repository\junit\junit\4.13.2\junit-4.13.2.jar;C:\Users\owner\.m2\repository\org\hamcrest\hamcrest-core\1.3\hamcrest-core-1.3.jar;C:\Users\owner\.m2\repository\org\seleniumhq\selenium\selenium-java\4.23.0\selenium-java-4.23.0.jar;C:\Users\owner\.m2\repository\org\seleniumhq\selenium\selenium-api\4.23.0\selenium-api-4.23.0.jar;C:\Users\owner\.m2\repository\org\seleniumhq\selenium\selenium-chrome-driver\4.23.0\selenium-chrome-driver-4.23.0.jar;C:\Users\owner\.m2\repository\com\google\auto\service\auto-service-annotations\1.1.1\auto-service-annotations-1.1.1.jar;C:\Users\owner\.m2\repository\org\seleniumhq\selenium\selenium-chromium-driver\4.23.0\selenium-chromium-driver-4.23.0.jar;C:\Users\owner\.m2\repository\org\seleniumhq\selenium\selenium-json\4.23.0\selenium-json-4.23.0.jar;C:\Users\owner\.m2\repository\org\seleniumhq\selenium\selenium-manager\4.23.0\selenium-manager-4.23.0.jar;C:\Users\owner\.m2\repository\org\seleniumhq\selenium\selenium-devtools-v125\4.23.0\selenium-devtools-v125-4.23.0.jar;C:\Users\owner\.m2\repository\org\seleniumhq\selenium\selenium-devtools-v126\4.23.0\selenium-devtools-v126-4.23.0.jar;C:\Users\owner\.m2\repository\org\seleniumhq\selenium\selenium-devtools-v127\4.23.0\selenium-devtools-v127-4.23.0.jar;C:\Users\owner\.m2\repository\org\seleniumhq\selenium\selenium-devtools-v85\4.23.0\selenium-devtools-v85-4.23.0.jar;C:\Users\owner\.m2\repository\org\seleniumhq\selenium\selenium-edge-driver\4.23.0\selenium-edge-driver-4.23.0.jar;C:\Users\owner\.m2\repository\org\seleniumhq\selenium\selenium-firefox-driver\4.23.0\selenium-firefox-driver-4.23.0.jar;C:\Users\owner\.m2\repository\org\seleniumhq\selenium\selenium-http\4.23.0\selenium-http-4.23.0.jar;C:\Users\owner\.m2\repository\dev\failsafe\failsafe\3.3.2\failsafe-3.3.2.jar;C:\Users\owner\.m2\repository\org\seleniumhq\selenium\selenium-ie-driver\4.23.0\selenium-ie-driver-4.23.0.jar;C:\Users\owner\.m2\repository\org\seleniumhq\selenium\selenium-remote-driver\4.23.0\selenium-remote-driver-4.23.0.jar;C:\Users\owner\.m2\repository\com\google\guava\guava\33.2.1-jre\guava-33.2.1-jre.jar;C:\Users\owner\.m2\repository\com\google\guava\failureaccess\1.0.2\failureaccess-1.0.2.jar;C:\Users\owner\.m2\repository\com\google\guava\listenablefuture\9999.0-empty-to-avoid-conflict-with-guava\listenablefuture-9999.0-empty-to-avoid-conflict-with-guava.jar;C:\Users\owner\.m2\repository\com\google\code\findbugs\jsr305\3.0.2\jsr305-3.0.2.jar;C:\Users\owner\.m2\repository\org\checkerframework\checker-qual\3.42.0\checker-qual-3.42.0.jar;C:\Users\owner\.m2\repository\com\google\errorprone\error_prone_annotations\2.26.1\error_prone_annotations-2.26.1.jar;C:\Users\owner\.m2\repository\com\google\j2objc\j2objc-annotations\3.0.0\j2objc-annotations-3.0.0.jar;C:\Users\owner\.m2\repository\io\opentelemetry\semconv\opentelemetry-semconv\1.25.0-alpha\opentelemetry-semconv-1.25.0-alpha.jar;C:\Users\owner\.m2\repository\io\opentelemetry\opentelemetry-api\1.40.0\opentelemetry-api-1.40.0.jar;C:\Users\owner\.m2\repository\io\opentelemetry\opentelemetry-context\1.40.0\opentelemetry-context-1.40.0.jar;C:\Users\owner\.m2\repository\io\opentelemetry\opentelemetry-exporter-logging\1.40.0\opentelemetry-exporter-logging-1.40.0.jar;C:\Users\owner\.m2\repository\io\opentelemetry\opentelemetry-sdk-common\1.40.0\opentelemetry-sdk-common-1.40.0.jar;C:\Users\owner\.m2\repository\io\opentelemetry\opentelemetry-sdk-extension-autoconfigure-spi\1.40.0\opentelemetry-sdk-extension-autoconfigure-spi-1.40.0.jar;C:\Users\owner\.m2\repository\io\opentelemetry\opentelemetry-sdk-extension-autoconfigure\1.40.0\opentelemetry-sdk-extension-autoconfigure-1.40.0.jar;C:\Users\owner\.m2\repository\io\opentelemetry\opentelemetry-api-incubator\1.40.0-alpha\opentelemetry-api-incubator-1.40.0-alpha.jar;C:\Users\owner\.m2\repository\io\opentelemetry\opentelemetry-sdk-trace\1.40.0\opentelemetry-sdk-trace-1.40.0.jar;C:\Users\owner\.m2\repository\io\opentelemetry\opentelemetry-sdk\1.40.0\opentelemetry-sdk-1.40.0.jar;C:\Users\owner\.m2\repository\io\opentelemetry\opentelemetry-sdk-metrics\1.40.0\opentelemetry-sdk-metrics-1.40.0.jar;C:\Users\owner\.m2\repository\io\opentelemetry\opentelemetry-sdk-logs\1.40.0\opentelemetry-sdk-logs-1.40.0.jar;C:\Users\owner\.m2\repository\net\bytebuddy\byte-buddy\1.14.18\byte-buddy-1.14.18.jar;C:\Users\owner\.m2\repository\org\seleniumhq\selenium\selenium-os\4.23.0\selenium-os-4.23.0.jar;C:\Users\owner\.m2\repository\org\apache\commons\commons-exec\1.4.0\commons-exec-1.4.0.jar;C:\Users\owner\.m2\repository\org\seleniumhq\selenium\selenium-safari-driver\4.23.0\selenium-safari-driver-4.23.0.jar;C:\Users\owner\.m2\repository\org\seleniumhq\selenium\selenium-support\4.23.0\selenium-support-4.23.0.jar;"/>
    <property name="sun.cpu.endian" value="little"/>
    <property name="user.home" value="C:\Users\owner"/>
    <property name="user.language" value="en"/>
    <property name="java.specification.vendor" value="Oracle Corporation"/>
    <property name="java.version.date" value="2024-07-16"/>
    <property name="java.home" value="C:\Users\owner\OneDrive\Desktop\Softwares\jdk-17.0.12_windows-x64_bin\jdk-17.0.12"/>
    <property name="file.separator" value="\"/>
    <property name="basedir" value="C:\Users\owner\git\Ninad_Nasikkar_Final_Wipro_Capstone_Project\Nopcommerce"/>
    <property name="java.vm.compressedOopsMode" value="32-bit"/>
    <property name="line.separator" value="&#10;"/>
    <property name="java.vm.specification.vendor" value="Oracle Corporation"/>
    <property name="java.specification.name" value="Java Platform API Specification"/>
    <property name="surefire.real.class.path" value="C:\Users\owner\AppData\Local\Temp\surefire6741303375185286082\surefirebooter-20250909012228302_3.jar"/>
    <property name="user.script" value=""/>
    <property name="sun.management.compiler" value="HotSpot 64-Bit Tiered Compilers"/>
    <property name="java.runtime.version" value="17.0.12+8-LTS-286"/>
    <property name="user.name" value="owner"/>
    <property name="path.separator" value=";"/>
    <property name="os.version" value="10.0"/>
    <property name="java.runtime.name" value="Java(TM) SE Runtime Environment"/>
    <property name="file.encoding" value="Cp1252"/>
    <property name="java.vm.name" value="Java HotSpot(TM) 64-Bit Server VM"/>
    <property name="localRepository" value="C:\Users\owner\.m2\repository"/>
    <property name="java.vendor.url.bug" value="https://bugreport.java.com/bugreport/"/>
    <property name="java.io.tmpdir" value="C:\Users\owner\AppData\Local\Temp\"/>
    <property name="java.version" value="17.0.12"/>
    <property name="user.dir" value="C:\Users\owner\git\Ninad_Nasikkar_Final_Wipro_Capstone_Project\Nopcommerce"/>
    <property name="os.arch" value="amd64"/>
    <property name="java.vm.specification.name" value="Java Virtual Machine Specification"/>
    <property name="sun.os.patch.level" value=""/>
    <property name="native.encoding" value="Cp1252"/>
    <property name="java.library.path" value="C:\Users\owner\OneDrive\Desktop\Softwares\jdk-17.0.12_windows-x64_bin\jdk-17.0.12\bin;C:\WINDOWS\Sun\Java\bin;C:\WINDOWS\system32;C:\WINDOWS;C:\Users\owner\OneDrive\Desktop\Softwares\apache-maven-3.9.11\bin;C:\Users\owner\OneDrive\Desktop\Softwares\jdk-17.0.12_windows-x64_bin\jdk-17.0.12\bin;C:\Program Files\Common Files\Oracle\Java\javapath;C:\Windows\system32;C:\Windows;C:\Windows\System32\Wbem;C:\Windows\System32\WindowsPowerShell\v1.0\;C:\Program Files (x86)\NVIDIA Corporation\PhysX\Common;C:\WINDOWS\system32;C:\WINDOWS;C:\WINDOWS\System32\Wbem;C:\WINDOWS\System32\WindowsPowerShell\v1.0\;C:\WINDOWS\System32\OpenSSH\;C:\Program Files\Java\jdk-18\bin;C:\MinGW\bin;C:\Program Files\Git\cmd;C:\Program Files\Git\mingw64\bin;C:\Program Files\Git\usr\bin;C:\Program Files\nodejs\;C:\apache-maven-3.9.11\bin;C:\Program Files\MySQL\MySQL Server 8.0\bin;C:\Users\owner\OneDrive\Desktop\Softwares\jdk-17.0.12_windows-x64_bin\jdk-17.0.12\bin;C:\Program Files\MySQL\MySQL Shell 8.0\bin\;C:\Users\owner\AppData\Local\Programs\Python\Python313\Scripts\;C:\Users\owner\AppData\Local\Programs\Python\Python313\;C:\Users\owner\AppData\Local\Microsoft\WindowsApps;C:\Users\owner\AppData\Local\Programs\Microsoft VS Code\bin;C:\Users\owner\Downloads\dartsdk-windows-x64-release\dart-sdk\bin;C:\Users\owner\AppData\Local\Programs\mongosh\;C:\Users\owner\AppData\Roaming\npm;;."/>
    <property name="java.vm.info" value="mixed mode, sharing"/>
    <property name="java.vendor" value="Oracle Corporation"/>
    <property name="java.vm.version" value="17.0.12+8-LTS-286"/>
    <property name="sun.io.unicode.encoding" value="UnicodeLittle"/>
    <property name="java.class.version" value="61.0"/>
  </properties>
  <testcase name="Validate Registration" classname="Check user is able to register using correct details" time="31.914">
    <system-out><![CDATA[
&amp#27;[1mScenario:&amp#27;[22m Validate Registration                            &amp#27;[90m# file:///C:/Users/owner/git/Ninad_Nasikkar_Final_Wipro_Capstone_Project/Nopcommerce/src/test/resources/nopcommerce_features/01register.feature:2&amp#27;[39m
  &amp#27;[32mâœ”&amp#27;[39m &amp#27;[32m&amp#27;[1mGiven &amp#27;[22mregistration page should open in default browser&amp#27;[39m &amp#27;[90m# step_deifinition.Step_Register.registration_page_should_open_in_default_browser()&amp#27;[39m
  &amp#27;[32mâœ”&amp#27;[39m &amp#27;[32m&amp#27;[1mWhen &amp#27;[22mclick on register button&amp#27;[39m                          &amp#27;[90m# step_deifinition.Step_Register.click_on_register_button()&amp#27;[39m
  &amp#27;[32mâœ”&amp#27;[39m &amp#27;[32m&amp#27;[1mAnd &amp#27;[22menter the details&amp#27;[39m                                  &amp#27;[90m# step_deifinition.Step_Register.enter_the_details()&amp#27;[39m
  &amp#27;[32mâœ”&amp#27;[39m &amp#27;[32m&amp#27;[1mAnd &amp#27;[22mcreate new password&amp#27;[39m                                &amp#27;[90m# step_deifinition.Step_Register.create_new_password()&amp#27;[39m
  &amp#27;[32mâœ”&amp#27;[39m &amp#27;[32m&amp#27;[1mAnd &amp#27;[22mclick on register&amp#27;[39m                                  &amp#27;[90m# step_deifinition.Step_Register.click_on_register()&amp#27;[39m
  &amp#27;[32mâœ”&amp#27;[39m &amp#27;[32m&amp#27;[1mAnd &amp#27;[22mclick on continue&amp#27;[39m                                  &amp#27;[90m# step_deifinition.Step_Register.click_on_coninue()&amp#27;[39m
registration successful
  &amp#27;[32mâœ”&amp#27;[39m &amp#27;[32m&amp#27;[1mThen &amp#27;[22mopen home page&amp#27;[39m                                    &amp#27;[90m# step_deifinition.Step_Register.open_home_page()&amp#27;[39m
]]></system-out>
    <system-err><![CDATA[Sep 09, 2025 1:22:35 AM org.openqa.selenium.devtools.CdpVersionFinder findNearestMatch
WARNING: Unable to find CDP implementation matching 140
Sep 09, 2025 1:22:35 AM org.openqa.selenium.chromium.ChromiumDriver lambda$new$5
WARNING: Unable to find version of CDP to use for 140.0.7339.81. You may need to include a dependency on a specific version of the CDP using something similar to `org.seleniumhq.selenium:selenium-devtools-v86:4.23.0` where the version ("v86") matches the version of the chromium-based browser you're using and the version number of the artifact is the same as Selenium's.
]]></system-err>
  </testcase>
  <testcase name="Validate Login" classname="Check user is able to login with valid credentials" time="39.95">
    <system-out><![CDATA[
&amp#27;[1mScenario:&amp#27;[22m Validate Login                            &amp#27;[90m# file:///C:/Users/owner/git/Ninad_Nasikkar_Final_Wipro_Capstone_Project/Nopcommerce/src/test/resources/nopcommerce_features/02login.feature:2&amp#27;[39m
  &amp#27;[32mâœ”&amp#27;[39m &amp#27;[32m&amp#27;[1mGiven &amp#27;[22mlogin page should open in default browser&amp#27;[39m &amp#27;[90m# step_deifinition.Step_Login.login_page_should_open_in_default_browser()&amp#27;[39m
  &amp#27;[32mâœ”&amp#27;[39m &amp#27;[32m&amp#27;[1mWhen &amp#27;[22mclick on login button&amp#27;[39m                      &amp#27;[90m# step_deifinition.Step_Login.click_on_login_button()&amp#27;[39m
  &amp#27;[32mâœ”&amp#27;[39m &amp#27;[32m&amp#27;[1mAnd &amp#27;[22menter the email address&amp#27;[39m                     &amp#27;[90m# step_deifinition.Step_Login.enter_the_email_address()&amp#27;[39m
  &amp#27;[32mâœ”&amp#27;[39m &amp#27;[32m&amp#27;[1mAnd &amp#27;[22menter password&amp#27;[39m                              &amp#27;[90m# step_deifinition.Step_Login.enter_password()&amp#27;[39m
  &amp#27;[32mâœ”&amp#27;[39m &amp#27;[32m&amp#27;[1mAnd &amp#27;[22mclick on login&amp#27;[39m                              &amp#27;[90m# step_deifinition.Step_Login.click_on_login()&amp#27;[39m
login successful
  &amp#27;[32mâœ”&amp#27;[39m &amp#27;[32m&amp#27;[1mThen &amp#27;[22mopen new webpage&amp#27;[39m                           &amp#27;[90m# step_deifinition.Step_Login.open_new_webpage()&amp#27;[39m
]]></system-out>
    <system-err><![CDATA[Sep 09, 2025 1:23:06 AM org.openqa.selenium.devtools.CdpVersionFinder findNearestMatch
WARNING: Unable to find CDP implementation matching 140
Sep 09, 2025 1:23:06 AM org.openqa.selenium.chromium.ChromiumDriver lambda$new$5
WARNING: Unable to find version of CDP to use for 140.0.7339.81. You may need to include a dependency on a specific version of the CDP using something similar to `org.seleniumhq.selenium:selenium-devtools-v86:4.23.0` where the version ("v86") matches the version of the chromium-based browser you're using and the version number of the artifact is the same as Selenium's.
]]></system-err>
  </testcase>
  <testcase name="Validate Search" classname="Check user is able to search products" time="13.574">
    <system-out><![CDATA[
&amp#27;[1mScenario:&amp#27;[22m Validate Search                            &amp#27;[90m# file:///C:/Users/owner/git/Ninad_Nasikkar_Final_Wipro_Capstone_Project/Nopcommerce/src/test/resources/nopcommerce_features/03search.feature:2&amp#27;[39m
  &amp#27;[32mâœ”&amp#27;[39m &amp#27;[32m&amp#27;[1mGiven &amp#27;[22msearch page should open in default browser&amp#27;[39m &amp#27;[90m# step_deifinition.Step_Search.search_page_should_open_in_default_browser()&amp#27;[39m
  &amp#27;[32mâœ”&amp#27;[39m &amp#27;[32m&amp#27;[1mWhen &amp#27;[22menter product names in searchbox&amp#27;[39m            &amp#27;[90m# step_deifinition.Step_Search.enter_product_names_in_searchbox()&amp#27;[39m
Searched successfully
  &amp#27;[32mâœ”&amp#27;[39m &amp#27;[32m&amp#27;[1mThen &amp#27;[22mdisplay product lists&amp#27;[39m                       &amp#27;[90m# step_deifinition.Step_Search.display_product_lists()&amp#27;[39m
]]></system-out>
    <system-err><![CDATA[Sep 09, 2025 1:23:45 AM org.openqa.selenium.devtools.CdpVersionFinder findNearestMatch
WARNING: Unable to find CDP implementation matching 140
Sep 09, 2025 1:23:45 AM org.openqa.selenium.chromium.ChromiumDriver lambda$new$5
WARNING: Unable to find version of CDP to use for 140.0.7339.81. You may need to include a dependency on a specific version of the CDP using something similar to `org.seleniumhq.selenium:selenium-devtools-v86:4.23.0` where the version ("v86") matches the version of the chromium-based browser you're using and the version number of the artifact is the same as Selenium's.
]]></system-err>
  </testcase>
  <testcase name="Validate Add to cart" classname="Check user is able to add products to cart" time="20.749">
    <system-out><![CDATA[
&amp#27;[1mScenario:&amp#27;[22m Validate Add to cart                            &amp#27;[90m# file:///C:/Users/owner/git/Ninad_Nasikkar_Final_Wipro_Capstone_Project/Nopcommerce/src/test/resources/nopcommerce_features/04add_to_cart.feature:2&amp#27;[39m
  &amp#27;[32mâœ”&amp#27;[39m &amp#27;[32m&amp#27;[1mGiven &amp#27;[22madd to cart page should open in default browser&amp#27;[39m &amp#27;[90m# step_deifinition.Step_AddToCart.add_to_cart_page_should_open_in_default_browser()&amp#27;[39m
  &amp#27;[32mâœ”&amp#27;[39m &amp#27;[32m&amp#27;[1mWhen &amp#27;[22msearch for a product&amp#27;[39m                             &amp#27;[90m# step_deifinition.Step_AddToCart.search_for_a_product()&amp#27;[39m
  &amp#27;[32mâœ”&amp#27;[39m &amp#27;[32m&amp#27;[1mAnd &amp#27;[22mclick on add to cart button&amp#27;[39m                       &amp#27;[90m# step_deifinition.Step_AddToCart.click_on_add_to_cart_button()&amp#27;[39m
  &amp#27;[32mâœ”&amp#27;[39m &amp#27;[32m&amp#27;[1mAnd &amp#27;[22mclick on shopping cart button&amp#27;[39m                     &amp#27;[90m# step_deifinition.Step_AddToCart.click_on_shopping_cart_button()&amp#27;[39m
Product added to cart successfully
  &amp#27;[32mâœ”&amp#27;[39m &amp#27;[32m&amp#27;[1mThen &amp#27;[22mshow the added product&amp#27;[39m                           &amp#27;[90m# step_deifinition.Step_AddToCart.show_the_added_product()&amp#27;[39m
]]></system-out>
    <system-err><![CDATA[Sep 09, 2025 1:24:00 AM org.openqa.selenium.devtools.CdpVersionFinder findNearestMatch
WARNING: Unable to find CDP implementation matching 140
Sep 09, 2025 1:24:00 AM org.openqa.selenium.chromium.ChromiumDriver lambda$new$5
WARNING: Unable to find version of CDP to use for 140.0.7339.81. You may need to include a dependency on a specific version of the CDP using something similar to `org.seleniumhq.selenium:selenium-devtools-v86:4.23.0` where the version ("v86") matches the version of the chromium-based browser you're using and the version number of the artifact is the same as Selenium's.
]]></system-err>
  </testcase>
  <testcase name="Validate delete from cart" classname="Check user is able to delete products from cart" time="72.701">
    <system-out><![CDATA[
&amp#27;[1mScenario:&amp#27;[22m Validate delete from cart                            &amp#27;[90m# file:///C:/Users/owner/git/Ninad_Nasikkar_Final_Wipro_Capstone_Project/Nopcommerce/src/test/resources/nopcommerce_features/05delete_from_cart.feature:2&amp#27;[39m
  &amp#27;[32mâœ”&amp#27;[39m &amp#27;[32m&amp#27;[1mGiven &amp#27;[22mdelete from cart page should open in default browser&amp#27;[39m &amp#27;[90m# step_deifinition.Step_DeleteFromCart.delete_from_cart_page_should_open_in_default_browser()&amp#27;[39m
  &amp#27;[32mâœ”&amp#27;[39m &amp#27;[32m&amp#27;[1mWhen &amp#27;[22mAdd the product to cart&amp#27;[39m                               &amp#27;[90m# step_deifinition.Step_DeleteFromCart.Add_the_product_to_cart()&amp#27;[39m
  &amp#27;[32mâœ”&amp#27;[39m &amp#27;[32m&amp#27;[1mAnd &amp#27;[22mClick on shopping cart&amp#27;[39m                                 &amp#27;[90m# step_deifinition.Step_DeleteFromCart.click_on_shopping_cart()&amp#27;[39m
  &amp#27;[32mâœ”&amp#27;[39m &amp#27;[32m&amp#27;[1mAnd &amp#27;[22mclick on remove button&amp#27;[39m                                 &amp#27;[90m# step_deifinition.Step_DeleteFromCart.click_on_remove_button()&amp#27;[39m
product deleted successfully
  &amp#27;[32mâœ”&amp#27;[39m &amp#27;[32m&amp#27;[1mThen &amp#27;[22mproduct deleted successfully&amp#27;[39m                          &amp#27;[90m# step_deifinition.Step_DeleteFromCart.product_deleted_successfully()&amp#27;[39m
]]></system-out>
    <system-err><![CDATA[Sep 09, 2025 1:24:21 AM org.openqa.selenium.devtools.CdpVersionFinder findNearestMatch
WARNING: Unable to find CDP implementation matching 140
Sep 09, 2025 1:24:21 AM org.openqa.selenium.chromium.ChromiumDriver lambda$new$5
WARNING: Unable to find version of CDP to use for 140.0.7339.81. You may need to include a dependency on a specific version of the CDP using something similar to `org.seleniumhq.selenium:selenium-devtools-v86:4.23.0` where the version ("v86") matches the version of the chromium-based browser you're using and the version number of the artifact is the same as Selenium's.
]]></system-err>
  </testcase>
  <testcase name="Validate Currency selection" classname="Check user is able to change the currency" time="10.083">
    <system-out><![CDATA[
&amp#27;[1mScenario:&amp#27;[22m Validate Currency selection                &amp#27;[90m# file:///C:/Users/owner/git/Ninad_Nasikkar_Final_Wipro_Capstone_Project/Nopcommerce/src/test/resources/nopcommerce_features/06currency.feature:2&amp#27;[39m
  &amp#27;[32mâœ”&amp#27;[39m &amp#27;[32m&amp#27;[1mGiven &amp#27;[22mHome page should open in default browser&amp#27;[39m   &amp#27;[90m# step_deifinition.Step_ChangeCurrency.home_page_should_open_in_default_browser()&amp#27;[39m
  &amp#27;[32mâœ”&amp#27;[39m &amp#27;[32m&amp#27;[1mWhen &amp#27;[22mclick on currency dropdown&amp#27;[39m                  &amp#27;[90m# step_deifinition.Step_ChangeCurrency.click_on_currency_dropdown()&amp#27;[39m
  &amp#27;[32mâœ”&amp#27;[39m &amp#27;[32m&amp#27;[1mAnd &amp#27;[22mclick on the euro option&amp#27;[39m                     &amp#27;[90m# step_deifinition.Step_ChangeCurrency.click_on_the_euro_option()&amp#27;[39m
Cuurencyy changed to euro
  &amp#27;[32mâœ”&amp#27;[39m &amp#27;[32m&amp#27;[1mThen &amp#27;[22mchange the currency of all products to euro&amp#27;[39m &amp#27;[90m# step_deifinition.Step_ChangeCurrency.change_the_currency_of_all_products_to_euro()&amp#27;[39m
]]></system-out>
    <system-err><![CDATA[Sep 09, 2025 1:25:33 AM org.openqa.selenium.devtools.CdpVersionFinder findNearestMatch
WARNING: Unable to find CDP implementation matching 140
Sep 09, 2025 1:25:33 AM org.openqa.selenium.chromium.ChromiumDriver lambda$new$5
WARNING: Unable to find version of CDP to use for 140.0.7339.81. You may need to include a dependency on a specific version of the CDP using something similar to `org.seleniumhq.selenium:selenium-devtools-v86:4.23.0` where the version ("v86") matches the version of the chromium-based browser you're using and the version number of the artifact is the same as Selenium's.
]]></system-err>
  </testcase>
  <testcase name="Validate add to wishlist function" classname="Check user is able to add product to wishlist" time="30.902">
    <system-out><![CDATA[
&amp#27;[1mScenario:&amp#27;[22m Validate add to wishlist function           &amp#27;[90m# file:///C:/Users/owner/git/Ninad_Nasikkar_Final_Wipro_Capstone_Project/Nopcommerce/src/test/resources/nopcommerce_features/07add_to_wishlist.feature:2&amp#27;[39m
  &amp#27;[32mâœ”&amp#27;[39m &amp#27;[32m&amp#27;[1mGiven &amp#27;[22mproduct page should open in default browser&amp#27;[39m &amp#27;[90m# step_deifinition.Step_AddToWishlist.product_page_should_open_in_default_browser()&amp#27;[39m
  &amp#27;[32mâœ”&amp#27;[39m &amp#27;[32m&amp#27;[1mWhen &amp#27;[22msearch a product&amp#27;[39m                             &amp#27;[90m# step_deifinition.Step_AddToWishlist.search_a_product()&amp#27;[39m
  &amp#27;[32mâœ”&amp#27;[39m &amp#27;[32m&amp#27;[1mAnd &amp#27;[22mclick on the add to wishlist icon&amp#27;[39m             &amp#27;[90m# step_deifinition.Step_AddToWishlist.click_on_the_add_to_wishlist_icon()&amp#27;[39m
  &amp#27;[32mâœ”&amp#27;[39m &amp#27;[32m&amp#27;[1mAnd &amp#27;[22mclick on Wishlist option&amp#27;[39m                      &amp#27;[90m# step_deifinition.Step_AddToWishlist.click_on_wishlist_option()&amp#27;[39m
Added to wishlist...
  &amp#27;[32mâœ”&amp#27;[39m &amp#27;[32m&amp#27;[1mThen &amp#27;[22mdisplay products in the wishlist&amp#27;[39m             &amp#27;[90m# step_deifinition.Step_AddToWishlist.display_products_in_the_wishlist()&amp#27;[39m
]]></system-out>
    <system-err><![CDATA[Sep 09, 2025 1:25:44 AM org.openqa.selenium.devtools.CdpVersionFinder findNearestMatch
WARNING: Unable to find CDP implementation matching 140
Sep 09, 2025 1:25:44 AM org.openqa.selenium.chromium.ChromiumDriver lambda$new$5
WARNING: Unable to find version of CDP to use for 140.0.7339.81. You may need to include a dependency on a specific version of the CDP using something similar to `org.seleniumhq.selenium:selenium-devtools-v86:4.23.0` where the version ("v86") matches the version of the chromium-based browser you're using and the version number of the artifact is the same as Selenium's.
]]></system-err>
  </testcase>
  <testcase name="Validate Social media" classname="Check user is able to open social media pages of nopcommerce" time="25.352">
    <system-out><![CDATA[
&amp#27;[1mScenario:&amp#27;[22m Validate Social media                            &amp#27;[90m# file:///C:/Users/owner/git/Ninad_Nasikkar_Final_Wipro_Capstone_Project/Nopcommerce/src/test/resources/nopcommerce_features/08social_media.feature:2&amp#27;[39m
  &amp#27;[32mâœ”&amp#27;[39m &amp#27;[32m&amp#27;[1mGiven &amp#27;[22mSocial media page should open in default browser&amp#27;[39m &amp#27;[90m# step_deifinition.Step_SocialMedia.social_media_page_should_open_in_default_browser()&amp#27;[39m
  &amp#27;[32mâœ”&amp#27;[39m &amp#27;[32m&amp#27;[1mWhen &amp#27;[22mscroll to the footer section&amp#27;[39m                      &amp#27;[90m# step_deifinition.Step_SocialMedia.scroll_to_the_footer_section()&amp#27;[39m
  &amp#27;[32mâœ”&amp#27;[39m &amp#27;[32m&amp#27;[1mAnd &amp#27;[22mclick on facebook icon&amp#27;[39m                             &amp#27;[90m# step_deifinition.Step_SocialMedia.click_on_facebook_icon()&amp#27;[39m
Facebook page opened..
  &amp#27;[32mâœ”&amp#27;[39m &amp#27;[32m&amp#27;[1mThen &amp#27;[22mopen facebook page of nopcommerce&amp#27;[39m                 &amp#27;[90m# step_deifinition.Step_SocialMedia.open_facebook_page_of_nopcommerce()&amp#27;[39m
  &amp#27;[32mâœ”&amp#27;[39m &amp#27;[32m&amp#27;[1mAnd &amp#27;[22mclick on x icon&amp#27;[39m                                    &amp#27;[90m# step_deifinition.Step_SocialMedia.click_on_x_icon()&amp#27;[39m
X page opened..
  &amp#27;[32mâœ”&amp#27;[39m &amp#27;[32m&amp#27;[1mThen &amp#27;[22mopen x page of nopcommerce&amp#27;[39m                        &amp#27;[90m# step_deifinition.Step_SocialMedia.open_x_page_of_nopcommerce()&amp#27;[39m
  &amp#27;[32mâœ”&amp#27;[39m &amp#27;[32m&amp#27;[1mAnd &amp#27;[22mclick on instagram icon&amp#27;[39m                            &amp#27;[90m# step_deifinition.Step_SocialMedia.click_on_instagram_icon()&amp#27;[39m
Instagram page opened..
  &amp#27;[32mâœ”&amp#27;[39m &amp#27;[32m&amp#27;[1mThen &amp#27;[22mopen instagram page of nopcommerce&amp#27;[39m                &amp#27;[90m# step_deifinition.Step_SocialMedia.open_instagram_page_of_nopcommerce()&amp#27;[39m
  &amp#27;[32mâœ”&amp#27;[39m &amp#27;[32m&amp#27;[1mAnd &amp#27;[22mclick on youtube icon&amp#27;[39m                              &amp#27;[90m# step_deifinition.Step_SocialMedia.click_on_youtube_icon()&amp#27;[39m
Youtube page opened..
  &amp#27;[32mâœ”&amp#27;[39m &amp#27;[32m&amp#27;[1mThen &amp#27;[22mopen youtube page of nopcommerce&amp#27;[39m                  &amp#27;[90m# step_deifinition.Step_SocialMedia.open_youtube_page_of_nopcommerce()&amp#27;[39m
]]></system-out>
    <system-err><![CDATA[Sep 09, 2025 1:26:14 AM org.openqa.selenium.devtools.CdpVersionFinder findNearestMatch
WARNING: Unable to find CDP implementation matching 140
Sep 09, 2025 1:26:14 AM org.openqa.selenium.chromium.ChromiumDriver lambda$new$5
WARNING: Unable to find version of CDP to use for 140.0.7339.81. You may need to include a dependency on a specific version of the CDP using something similar to `org.seleniumhq.selenium:selenium-devtools-v86:4.23.0` where the version ("v86") matches the version of the chromium-based browser you're using and the version number of the artifact is the same as Selenium's.
]]></system-err>
  </testcase>
  <testcase name="Validate Update Address" classname="Check user is able to add new address" time="46.507">
    <system-out><![CDATA[
&amp#27;[1mScenario:&amp#27;[22m Validate Update Address                     &amp#27;[90m# file:///C:/Users/owner/git/Ninad_Nasikkar_Final_Wipro_Capstone_Project/Nopcommerce/src/test/resources/nopcommerce_features/09add_address.feature:2&amp#27;[39m
  &amp#27;[32mâœ”&amp#27;[39m &amp#27;[32m&amp#27;[1mGiven &amp#27;[22maddress page should open in default browser&amp#27;[39m &amp#27;[90m# step_deifinition.Step_AddAddress.address_page_should_open_in_default_browser()&amp#27;[39m
  &amp#27;[32mâœ”&amp#27;[39m &amp#27;[32m&amp#27;[1mWhen &amp#27;[22mlog in to nopcommerce website&amp#27;[39m                &amp#27;[90m# step_deifinition.Step_AddAddress.log_in_to_nopcommerce_website()&amp#27;[39m
  &amp#27;[32mâœ”&amp#27;[39m &amp#27;[32m&amp#27;[1mAnd &amp#27;[22mclick on my account button&amp#27;[39m                    &amp#27;[90m# step_deifinition.Step_AddAddress.click_on_my_account_button()&amp#27;[39m
  &amp#27;[32mâœ”&amp#27;[39m &amp#27;[32m&amp#27;[1mAnd &amp#27;[22mclick on addresses button&amp#27;[39m                     &amp#27;[90m# step_deifinition.Step_AddAddress.click_on_addresses_button()&amp#27;[39m
  &amp#27;[32mâœ”&amp#27;[39m &amp#27;[32m&amp#27;[1mAnd &amp#27;[22mclick on add new button&amp#27;[39m                       &amp#27;[90m# step_deifinition.Step_AddAddress.click_on_add_new_button()&amp#27;[39m
  &amp#27;[32mâœ”&amp#27;[39m &amp#27;[32m&amp#27;[1mAnd &amp#27;[22menter first name&amp#27;[39m                              &amp#27;[90m# step_deifinition.Step_AddAddress.enter_first_name()&amp#27;[39m
  &amp#27;[32mâœ”&amp#27;[39m &amp#27;[32m&amp#27;[1mAnd &amp#27;[22menter last name&amp#27;[39m                               &amp#27;[90m# step_deifinition.Step_AddAddress.enter_last_name()&amp#27;[39m
  &amp#27;[32mâœ”&amp#27;[39m &amp#27;[32m&amp#27;[1mAnd &amp#27;[22menter email address&amp#27;[39m                           &amp#27;[90m# step_deifinition.Step_AddAddress.enter_email_address()&amp#27;[39m
  &amp#27;[32mâœ”&amp#27;[39m &amp#27;[32m&amp#27;[1mAnd &amp#27;[22menter company&amp#27;[39m                                 &amp#27;[90m# step_deifinition.Step_AddAddress.enter_company()&amp#27;[39m
  &amp#27;[32mâœ”&amp#27;[39m &amp#27;[32m&amp#27;[1mAnd &amp#27;[22mselect country from dropdown&amp#27;[39m                  &amp#27;[90m# step_deifinition.Step_AddAddress.select_country_from_dropdown()&amp#27;[39m
  &amp#27;[32mâœ”&amp#27;[39m &amp#27;[32m&amp#27;[1mAnd &amp#27;[22mselect state from dropdown&amp#27;[39m                    &amp#27;[90m# step_deifinition.Step_AddAddress.select_state_from_dropdown()&amp#27;[39m
  &amp#27;[32mâœ”&amp#27;[39m &amp#27;[32m&amp#27;[1mAnd &amp#27;[22menter city&amp#27;[39m                                    &amp#27;[90m# step_deifinition.Step_AddAddress.enter_city()&amp#27;[39m
  &amp#27;[32mâœ”&amp#27;[39m &amp#27;[32m&amp#27;[1mAnd &amp#27;[22menter address line one&amp#27;[39m                        &amp#27;[90m# step_deifinition.Step_AddAddress.enter_address_line_one()&amp#27;[39m
  &amp#27;[32mâœ”&amp#27;[39m &amp#27;[32m&amp#27;[1mAnd &amp#27;[22menter address line two&amp#27;[39m                        &amp#27;[90m# step_deifinition.Step_AddAddress.enter_address_line_two()&amp#27;[39m
  &amp#27;[32mâœ”&amp#27;[39m &amp#27;[32m&amp#27;[1mAnd &amp#27;[22menter pincode&amp#27;[39m                                 &amp#27;[90m# step_deifinition.Step_AddAddress.enter_pincode()&amp#27;[39m
  &amp#27;[32mâœ”&amp#27;[39m &amp#27;[32m&amp#27;[1mAnd &amp#27;[22menter phone number&amp#27;[39m                            &amp#27;[90m# step_deifinition.Step_AddAddress.enter_phone_number()&amp#27;[39m
  &amp#27;[32mâœ”&amp#27;[39m &amp#27;[32m&amp#27;[1mAnd &amp#27;[22mclick on save button&amp#27;[39m                          &amp#27;[90m# step_deifinition.Step_AddAddress.click_on_save_button()&amp#27;[39m
New address added
  &amp#27;[32mâœ”&amp#27;[39m &amp#27;[32m&amp#27;[1mThen &amp#27;[22mnew address added successfully&amp#27;[39m               &amp#27;[90m# step_deifinition.Step_AddAddress.new_address_added_successfully()&amp#27;[39m
]]></system-out>
    <system-err><![CDATA[Sep 09, 2025 1:26:41 AM org.openqa.selenium.devtools.CdpVersionFinder findNearestMatch
WARNING: Unable to find CDP implementation matching 140
Sep 09, 2025 1:26:41 AM org.openqa.selenium.chromium.ChromiumDriver lambda$new$5
WARNING: Unable to find version of CDP to use for 140.0.7339.81. You may need to include a dependency on a specific version of the CDP using something similar to `org.seleniumhq.selenium:selenium-devtools-v86:4.23.0` where the version ("v86") matches the version of the chromium-based browser you're using and the version number of the artifact is the same as Selenium's.
]]></system-err>
  </testcase>
  <testcase name="Validate change password and logout functionality" classname="Check user is able to change password and logout" time="44.454">
    <system-out><![CDATA[
&amp#27;[1mScenario:&amp#27;[22m Validate change password and logout functionality   &amp#27;[90m# file:///C:/Users/owner/git/Ninad_Nasikkar_Final_Wipro_Capstone_Project/Nopcommerce/src/test/resources/nopcommerce_features/10logout_change_password.feature:2&amp#27;[39m
  &amp#27;[32mâœ”&amp#27;[39m &amp#27;[32m&amp#27;[1mGiven &amp#27;[22mchange password page should open in default browser&amp#27;[39m &amp#27;[90m# step_deifinition.Step_Logout_ChangePassword.change_password_page_should_open_in_default_browser()&amp#27;[39m
  &amp#27;[32mâœ”&amp#27;[39m &amp#27;[32m&amp#27;[1mWhen &amp#27;[22mlogin to nopcommerce&amp#27;[39m                                 &amp#27;[90m# step_deifinition.Step_Logout_ChangePassword.login_to_nopcommerce()&amp#27;[39m
  &amp#27;[32mâœ”&amp#27;[39m &amp#27;[32m&amp#27;[1mAnd &amp#27;[22mclick on my account option&amp#27;[39m                            &amp#27;[90m# step_deifinition.Step_Logout_ChangePassword.click_on_my_account_option()&amp#27;[39m
  &amp#27;[32mâœ”&amp#27;[39m &amp#27;[32m&amp#27;[1mAnd &amp#27;[22mclick on change password&amp#27;[39m                              &amp#27;[90m# step_deifinition.Step_Logout_ChangePassword.click_on_change_password()&amp#27;[39m
  &amp#27;[32mâœ”&amp#27;[39m &amp#27;[32m&amp#27;[1mAnd &amp#27;[22menter old password&amp#27;[39m                                    &amp#27;[90m# step_deifinition.Step_Logout_ChangePassword.enter_old_password()&amp#27;[39m
  &amp#27;[32mâœ”&amp#27;[39m &amp#27;[32m&amp#27;[1mAnd &amp#27;[22menter new password&amp#27;[39m                                    &amp#27;[90m# step_deifinition.Step_Logout_ChangePassword.enter_new_password()&amp#27;[39m
  &amp#27;[32mâœ”&amp#27;[39m &amp#27;[32m&amp#27;[1mAnd &amp#27;[22mconfirm password&amp#27;[39m                                      &amp#27;[90m# step_deifinition.Step_Logout_ChangePassword.confirm_password()&amp#27;[39m
  &amp#27;[32mâœ”&amp#27;[39m &amp#27;[32m&amp#27;[1mAnd &amp#27;[22mclick on change password button&amp#27;[39m                       &amp#27;[90m# step_deifinition.Step_Logout_ChangePassword.click_on_change_password_button()&amp#27;[39m
Password changed successfully
  &amp#27;[32mâœ”&amp#27;[39m &amp#27;[32m&amp#27;[1mThen &amp#27;[22mpassword changed successfully&amp#27;[39m                        &amp#27;[90m# step_deifinition.Step_Logout_ChangePassword.password_changed_successfully()&amp#27;[39m
  &amp#27;[32mâœ”&amp#27;[39m &amp#27;[32m&amp#27;[1mAnd &amp#27;[22mclick on logout button&amp#27;[39m                                &amp#27;[90m# step_deifinition.Step_Logout_ChangePassword.click_on_logout_button()&amp#27;[39m
Logged out successfully
  &amp#27;[32mâœ”&amp#27;[39m &amp#27;[32m&amp#27;[1mThen &amp#27;[22mlogged out of nopcommerce&amp#27;[39m                            &amp#27;[90m# step_deifinition.Step_Logout_ChangePassword.logged_out_of_nopcommerce()&amp#27;[39m
]]></system-out>
    <system-err><![CDATA[Sep 09, 2025 1:27:25 AM org.openqa.selenium.devtools.CdpVersionFinder findNearestMatch
WARNING: Unable to find CDP implementation matching 140
Sep 09, 2025 1:27:25 AM org.openqa.selenium.chromium.ChromiumDriver lambda$new$5
WARNING: Unable to find version of CDP to use for 140.0.7339.81. You may need to include a dependency on a specific version of the CDP using something similar to `org.seleniumhq.selenium:selenium-devtools-v86:4.23.0` where the version ("v86") matches the version of the chromium-based browser you're using and the version number of the artifact is the same as Selenium's.
Sep 09, 2025 1:28:08 AM org.openqa.selenium.remote.http.WebSocket$Listener onError
WARNING: Connection reset
java.net.SocketException: Connection reset
	at java.base/sun.nio.ch.SocketChannelImpl.throwConnectionReset(SocketChannelImpl.java:394)
	at java.base/sun.nio.ch.SocketChannelImpl.read(SocketChannelImpl.java:426)
	at java.net.http/jdk.internal.net.http.SocketTube.readAvailable(SocketTube.java:1170)
	at java.net.http/jdk.internal.net.http.SocketTube$InternalReadPublisher$InternalReadSubscription.read(SocketTube.java:833)
	at java.net.http/jdk.internal.net.http.SocketTube$SocketFlowTask.run(SocketTube.java:181)
	at java.net.http/jdk.internal.net.http.common.SequentialScheduler$SchedulableTask.run(SequentialScheduler.java:230)
	at java.net.http/jdk.internal.net.http.common.SequentialScheduler.runOrSchedule(SequentialScheduler.java:303)
	at java.net.http/jdk.internal.net.http.common.SequentialScheduler.runOrSchedule(SequentialScheduler.java:256)
	at java.net.http/jdk.internal.net.http.SocketTube$InternalReadPublisher$InternalReadSubscription.signalReadable(SocketTube.java:774)
	at java.net.http/jdk.internal.net.http.SocketTube$InternalReadPublisher$ReadEvent.signalEvent(SocketTube.java:957)
	at java.net.http/jdk.internal.net.http.SocketTube$SocketFlowEvent.handle(SocketTube.java:253)
	at java.net.http/jdk.internal.net.http.HttpClientImpl$SelectorManager.handleEvent(HttpClientImpl.java:982)
	at java.net.http/jdk.internal.net.http.HttpClientImpl$SelectorManager.lambda$run$3(HttpClientImpl.java:937)
	at java.base/java.util.ArrayList.forEach(ArrayList.java:1511)
	at java.net.http/jdk.internal.net.http.HttpClientImpl$SelectorManager.run(HttpClientImpl.java:937)

]]></system-err>
  </testcase>
</testsuite>